!SESSION 2017-06-29 13:45:18.740 -----------------------------------------------
eclipse.buildId=unknown
java.version=1.8.0_131
java.vendor=Oracle Corporation
BootLoader constants: OS=win32, ARCH=x86_64, WS=win32, NL=ko_KR
Framework arguments:  -product org.eclipse.nebula.widgets.oscilloscope.example.product2
Command-line arguments:  -product org.eclipse.nebula.widgets.oscilloscope.example.product2 -data C:\workspace\Test_Scan/../runtime-product.product -dev file:C:/workspace/Test_Scan/.metadata/.plugins/org.eclipse.pde.core/product.product/dev.properties -os win32 -ws win32 -arch x86_64 -consoleLog

!ENTRY org.eclipse.e4.ui.workbench.renderers.swt 4 0 2017-06-29 13:45:19.391
!MESSAGE FrameworkEvent ERROR
!STACK 0
org.osgi.framework.BundleException: Could not resolve module: org.eclipse.e4.ui.workbench.renderers.swt [5]
  Unresolved requirement: Require-Bundle: org.eclipse.e4.ui.workbench.swt; bundle-version="0.9.0"
    -> Bundle-SymbolicName: org.eclipse.e4.ui.workbench.swt; bundle-version="0.14.1.v20160829-0832"; singleton:="true"
       org.eclipse.e4.ui.workbench.swt [51]
         Unresolved requirement: Require-Bundle: org.eclipse.equinox.event; resolution:="optional"
         Unresolved requirement: Require-Capability: osgi.extender; filter:="(&(osgi.extender=osgi.component)(version>=1.2)(!(version>=2.0)))"

	at org.eclipse.osgi.container.Module.start(Module.java:444)
	at org.eclipse.osgi.container.ModuleContainer$ContainerStartLevel.incStartLevel(ModuleContainer.java:1620)
	at org.eclipse.osgi.container.ModuleContainer$ContainerStartLevel.incStartLevel(ModuleContainer.java:1599)
	at org.eclipse.osgi.container.ModuleContainer$ContainerStartLevel.doContainerStartLevel(ModuleContainer.java:1571)
	at org.eclipse.osgi.container.ModuleContainer$ContainerStartLevel.dispatchEvent(ModuleContainer.java:1514)
	at org.eclipse.osgi.container.ModuleContainer$ContainerStartLevel.dispatchEvent(ModuleContainer.java:1)
	at org.eclipse.osgi.framework.eventmgr.EventManager.dispatchEvent(EventManager.java:230)
	at org.eclipse.osgi.framework.eventmgr.EventManager$EventThread.run(EventManager.java:340)

!ENTRY org.eclipse.e4.ui.workbench.addons.swt 4 0 2017-06-29 13:45:19.398
!MESSAGE FrameworkEvent ERROR
!STACK 0
org.osgi.framework.BundleException: Could not resolve module: org.eclipse.e4.ui.workbench.addons.swt [20]
  Unresolved requirement: Require-Bundle: org.eclipse.e4.ui.workbench.renderers.swt; bundle-version="0.9.1"
    -> Bundle-SymbolicName: org.eclipse.e4.ui.workbench.renderers.swt; bundle-version="0.14.1.v20170117-1415"; singleton:="true"
       org.eclipse.e4.ui.workbench.renderers.swt [5]
         Unresolved requirement: Require-Bundle: org.eclipse.e4.ui.workbench.swt; bundle-version="0.9.0"
           -> Bundle-SymbolicName: org.eclipse.e4.ui.workbench.swt; bundle-version="0.14.1.v20160829-0832"; singleton:="true"
              org.eclipse.e4.ui.workbench.swt [51]
                Unresolved requirement: Require-Bundle: org.eclipse.equinox.event; resolution:="optional"
                Unresolved requirement: Require-Capability: osgi.extender; filter:="(&(osgi.extender=osgi.component)(version>=1.2)(!(version>=2.0)))"
  Unresolved requirement: Import-Package: org.eclipse.e4.ui.internal.workbench.swt
    -> Export-Package: org.eclipse.e4.ui.internal.workbench.swt; bundle-symbolic-name="org.eclipse.e4.ui.workbench.swt"; bundle-version="0.14.1.v20160829-0832"; version="0.0.0"; x-friends:="org.eclipse.e4.ui.workbench.addons.swt,org.eclipse.e4.ui.workbench.renderers.swt,org.eclipse.ui.workbench"

	at org.eclipse.osgi.container.Module.start(Module.java:444)
	at org.eclipse.osgi.container.ModuleContainer$ContainerStartLevel.incStartLevel(ModuleContainer.java:1620)
	at org.eclipse.osgi.container.ModuleContainer$ContainerStartLevel.incStartLevel(ModuleContainer.java:1599)
	at org.eclipse.osgi.container.ModuleContainer$ContainerStartLevel.doContainerStartLevel(ModuleContainer.java:1571)
	at org.eclipse.osgi.container.ModuleContainer$ContainerStartLevel.dispatchEvent(ModuleContainer.java:1514)
	at org.eclipse.osgi.container.ModuleContainer$ContainerStartLevel.dispatchEvent(ModuleContainer.java:1)
	at org.eclipse.osgi.framework.eventmgr.EventManager.dispatchEvent(EventManager.java:230)
	at org.eclipse.osgi.framework.eventmgr.EventManager$EventThread.run(EventManager.java:340)

!ENTRY org.eclipse.nebula.examples 4 0 2017-06-29 13:45:19.402
!MESSAGE FrameworkEvent ERROR
!STACK 0
org.osgi.framework.BundleException: Could not resolve module: org.eclipse.nebula.examples [30]
  Unresolved requirement: Require-Bundle: org.eclipse.ui
    -> Bundle-SymbolicName: org.eclipse.ui; bundle-version="3.108.1.v20160929-1045"; singleton:="true"
       org.eclipse.ui [39]
         Unresolved requirement: Require-Bundle: org.eclipse.ui.workbench; bundle-version="[3.105.0,4.0.0)"; visibility:="reexport"
           -> Bundle-SymbolicName: org.eclipse.ui.workbench; bundle-version="3.108.3.v20170216-1539"; singleton:="true"
              org.eclipse.ui.workbench [40]
                Unresolved requirement: Import-Package: org.eclipse.e4.ui.internal.workbench.swt
                  -> Export-Package: org.eclipse.e4.ui.internal.workbench.swt; bundle-symbolic-name="org.eclipse.e4.ui.workbench.swt"; bundle-version="0.14.1.v20160829-0832"; version="0.0.0"; x-friends:="org.eclipse.e4.ui.workbench.addons.swt,org.eclipse.e4.ui.workbench.renderers.swt,org.eclipse.ui.workbench"
                     org.eclipse.e4.ui.workbench.swt [51]
                       Unresolved requirement: Require-Bundle: org.eclipse.equinox.event; resolution:="optional"
                       Unresolved requirement: Require-Capability: osgi.extender; filter:="(&(osgi.extender=osgi.component)(version>=1.2)(!(version>=2.0)))"
                Unresolved requirement: Import-Package: org.eclipse.e4.ui.internal.workbench.renderers.swt
                  -> Export-Package: org.eclipse.e4.ui.internal.workbench.renderers.swt; bundle-symbolic-name="org.eclipse.e4.ui.workbench.renderers.swt"; bundle-version="0.14.1.v20170117-1415"; version="0.0.0"; x-friends:="org.eclipse.ui.workbench"
                     org.eclipse.e4.ui.workbench.renderers.swt [5]
                       Unresolved requirement: Require-Bundle: org.eclipse.e4.ui.workbench.swt; bundle-version="0.9.0"
                         -> Bundle-SymbolicName: org.eclipse.e4.ui.workbench.swt; bundle-version="0.14.1.v20160829-0832"; singleton:="true"

	at org.eclipse.osgi.container.Module.start(Module.java:444)
	at org.eclipse.osgi.container.ModuleContainer$ContainerStartLevel.incStartLevel(ModuleContainer.java:1620)
	at org.eclipse.osgi.container.ModuleContainer$ContainerStartLevel.incStartLevel(ModuleContainer.java:1599)
	at org.eclipse.osgi.container.ModuleContainer$ContainerStartLevel.doContainerStartLevel(ModuleContainer.java:1571)
	at org.eclipse.osgi.container.ModuleContainer$ContainerStartLevel.dispatchEvent(ModuleContainer.java:1514)
	at org.eclipse.osgi.container.ModuleContainer$ContainerStartLevel.dispatchEvent(ModuleContainer.java:1)
	at org.eclipse.osgi.framework.eventmgr.EventManager.dispatchEvent(EventManager.java:230)
	at org.eclipse.osgi.framework.eventmgr.EventManager$EventThread.run(EventManager.java:340)

!ENTRY org.eclipse.ui 4 0 2017-06-29 13:45:19.406
!MESSAGE FrameworkEvent ERROR
!STACK 0
org.osgi.framework.BundleException: Could not resolve module: org.eclipse.ui [39]
  Unresolved requirement: Require-Bundle: org.eclipse.ui.workbench; bundle-version="[3.105.0,4.0.0)"; visibility:="reexport"
    -> Bundle-SymbolicName: org.eclipse.ui.workbench; bundle-version="3.108.3.v20170216-1539"; singleton:="true"
       org.eclipse.ui.workbench [40]
         Unresolved requirement: Import-Package: org.eclipse.e4.ui.internal.workbench.swt
           -> Export-Package: org.eclipse.e4.ui.internal.workbench.swt; bundle-symbolic-name="org.eclipse.e4.ui.workbench.swt"; bundle-version="0.14.1.v20160829-0832"; version="0.0.0"; x-friends:="org.eclipse.e4.ui.workbench.addons.swt,org.eclipse.e4.ui.workbench.renderers.swt,org.eclipse.ui.workbench"
              org.eclipse.e4.ui.workbench.swt [51]
                Unresolved requirement: Require-Bundle: org.eclipse.equinox.event; resolution:="optional"
                Unresolved requirement: Require-Capability: osgi.extender; filter:="(&(osgi.extender=osgi.component)(version>=1.2)(!(version>=2.0)))"
         Unresolved requirement: Import-Package: org.eclipse.e4.ui.internal.workbench.renderers.swt
           -> Export-Package: org.eclipse.e4.ui.internal.workbench.renderers.swt; bundle-symbolic-name="org.eclipse.e4.ui.workbench.renderers.swt"; bundle-version="0.14.1.v20170117-1415"; version="0.0.0"; x-friends:="org.eclipse.ui.workbench"
              org.eclipse.e4.ui.workbench.renderers.swt [5]
                Unresolved requirement: Require-Bundle: org.eclipse.e4.ui.workbench.swt; bundle-version="0.9.0"
                  -> Bundle-SymbolicName: org.eclipse.e4.ui.workbench.swt; bundle-version="0.14.1.v20160829-0832"; singleton:="true"

	at org.eclipse.osgi.container.Module.start(Module.java:444)
	at org.eclipse.osgi.container.ModuleContainer$ContainerStartLevel.incStartLevel(ModuleContainer.java:1620)
	at org.eclipse.osgi.container.ModuleContainer$ContainerStartLevel.incStartLevel(ModuleContainer.java:1599)
	at org.eclipse.osgi.container.ModuleContainer$ContainerStartLevel.doContainerStartLevel(ModuleContainer.java:1571)
	at org.eclipse.osgi.container.ModuleContainer$ContainerStartLevel.dispatchEvent(ModuleContainer.java:1514)
	at org.eclipse.osgi.container.ModuleContainer$ContainerStartLevel.dispatchEvent(ModuleContainer.java:1)
	at org.eclipse.osgi.framework.eventmgr.EventManager.dispatchEvent(EventManager.java:230)
	at org.eclipse.osgi.framework.eventmgr.EventManager$EventThread.run(EventManager.java:340)

!ENTRY org.eclipse.ui.workbench 4 0 2017-06-29 13:45:19.409
!MESSAGE FrameworkEvent ERROR
!STACK 0
org.osgi.framework.BundleException: Could not resolve module: org.eclipse.ui.workbench [40]
  Unresolved requirement: Import-Package: org.eclipse.e4.ui.internal.workbench.swt
    -> Export-Package: org.eclipse.e4.ui.internal.workbench.swt; bundle-symbolic-name="org.eclipse.e4.ui.workbench.swt"; bundle-version="0.14.1.v20160829-0832"; version="0.0.0"; x-friends:="org.eclipse.e4.ui.workbench.addons.swt,org.eclipse.e4.ui.workbench.renderers.swt,org.eclipse.ui.workbench"
       org.eclipse.e4.ui.workbench.swt [51]
         Unresolved requirement: Require-Bundle: org.eclipse.equinox.event; resolution:="optional"
         Unresolved requirement: Require-Capability: osgi.extender; filter:="(&(osgi.extender=osgi.component)(version>=1.2)(!(version>=2.0)))"
  Unresolved requirement: Import-Package: org.eclipse.e4.ui.internal.workbench.renderers.swt
    -> Export-Package: org.eclipse.e4.ui.internal.workbench.renderers.swt; bundle-symbolic-name="org.eclipse.e4.ui.workbench.renderers.swt"; bundle-version="0.14.1.v20170117-1415"; version="0.0.0"; x-friends:="org.eclipse.ui.workbench"
       org.eclipse.e4.ui.workbench.renderers.swt [5]
         Unresolved requirement: Require-Bundle: org.eclipse.e4.ui.workbench.swt; bundle-version="0.9.0"
           -> Bundle-SymbolicName: org.eclipse.e4.ui.workbench.swt; bundle-version="0.14.1.v20160829-0832"; singleton:="true"

	at org.eclipse.osgi.container.Module.start(Module.java:444)
	at org.eclipse.osgi.container.ModuleContainer$ContainerStartLevel.incStartLevel(ModuleContainer.java:1620)
	at org.eclipse.osgi.container.ModuleContainer$ContainerStartLevel.incStartLevel(ModuleContainer.java:1599)
	at org.eclipse.osgi.container.ModuleContainer$ContainerStartLevel.doContainerStartLevel(ModuleContainer.java:1571)
	at org.eclipse.osgi.container.ModuleContainer$ContainerStartLevel.dispatchEvent(ModuleContainer.java:1514)
	at org.eclipse.osgi.container.ModuleContainer$ContainerStartLevel.dispatchEvent(ModuleContainer.java:1)
	at org.eclipse.osgi.framework.eventmgr.EventManager.dispatchEvent(EventManager.java:230)
	at org.eclipse.osgi.framework.eventmgr.EventManager$EventThread.run(EventManager.java:340)

!ENTRY org.eclipse.e4.ui.workbench.swt 4 0 2017-06-29 13:45:19.413
!MESSAGE FrameworkEvent ERROR
!STACK 0
org.osgi.framework.BundleException: Could not resolve module: org.eclipse.e4.ui.workbench.swt [51]
  Unresolved requirement: Require-Bundle: org.eclipse.equinox.event; resolution:="optional"
  Unresolved requirement: Require-Capability: osgi.extender; filter:="(&(osgi.extender=osgi.component)(version>=1.2)(!(version>=2.0)))"

	at org.eclipse.osgi.container.Module.start(Module.java:444)
	at org.eclipse.osgi.container.ModuleContainer$ContainerStartLevel.incStartLevel(ModuleContainer.java:1620)
	at org.eclipse.osgi.container.ModuleContainer$ContainerStartLevel.incStartLevel(ModuleContainer.java:1599)
	at org.eclipse.osgi.container.ModuleContainer$ContainerStartLevel.doContainerStartLevel(ModuleContainer.java:1571)
	at org.eclipse.osgi.container.ModuleContainer$ContainerStartLevel.dispatchEvent(ModuleContainer.java:1514)
	at org.eclipse.osgi.container.ModuleContainer$ContainerStartLevel.dispatchEvent(ModuleContainer.java:1)
	at org.eclipse.osgi.framework.eventmgr.EventManager.dispatchEvent(EventManager.java:230)
	at org.eclipse.osgi.framework.eventmgr.EventManager$EventThread.run(EventManager.java:340)

!ENTRY org.eclipse.equinox.app 0 0 2017-06-29 13:45:19.521
!MESSAGE Product org.eclipse.nebula.widgets.oscilloscope.example.product2 could not be found.

!ENTRY org.eclipse.e4.ui.workbench.swt 2 0 2017-06-29 13:45:19.537
!MESSAGE Could not resolve module: org.eclipse.e4.ui.workbench.swt [51]
  Unresolved requirement: Require-Bundle: org.eclipse.equinox.event; resolution:="optional"
  Unresolved requirement: Require-Capability: osgi.extender; filter:="(&(osgi.extender=osgi.component)(version>=1.2)(!(version>=2.0)))"


!ENTRY org.eclipse.e4.ui.workbench.addons.swt 2 0 2017-06-29 13:45:19.541
!MESSAGE Could not resolve module: org.eclipse.e4.ui.workbench.addons.swt [20]
  Unresolved requirement: Import-Package: org.eclipse.e4.ui.internal.workbench.swt
    -> Export-Package: org.eclipse.e4.ui.internal.workbench.swt; bundle-symbolic-name="org.eclipse.e4.ui.workbench.swt"; bundle-version="0.14.1.v20160829-0832"; version="0.0.0"; x-friends:="org.eclipse.e4.ui.workbench.addons.swt,org.eclipse.e4.ui.workbench.renderers.swt,org.eclipse.ui.workbench"
       org.eclipse.e4.ui.workbench.swt [51]
         Unresolved requirement: Require-Bundle: org.eclipse.equinox.event; resolution:="optional"
         Unresolved requirement: Require-Capability: osgi.extender; filter:="(&(osgi.extender=osgi.component)(version>=1.2)(!(version>=2.0)))"


!ENTRY org.eclipse.ui 2 0 2017-06-29 13:45:19.547
!MESSAGE Could not resolve module: org.eclipse.ui [39]
  Unresolved requirement: Require-Bundle: org.eclipse.ui.workbench; bundle-version="[3.105.0,4.0.0)"; visibility:="reexport"
    -> Bundle-SymbolicName: org.eclipse.ui.workbench; bundle-version="3.108.3.v20170216-1539"; singleton:="true"
       org.eclipse.ui.workbench [40]
         Unresolved requirement: Import-Package: org.eclipse.e4.ui.internal.workbench.swt
           -> Export-Package: org.eclipse.e4.ui.internal.workbench.swt; bundle-symbolic-name="org.eclipse.e4.ui.workbench.swt"; bundle-version="0.14.1.v20160829-0832"; version="0.0.0"; x-friends:="org.eclipse.e4.ui.workbench.addons.swt,org.eclipse.e4.ui.workbench.renderers.swt,org.eclipse.ui.workbench"
              org.eclipse.e4.ui.workbench.swt [51]
                Unresolved requirement: Require-Bundle: org.eclipse.equinox.event; resolution:="optional"
                Unresolved requirement: Require-Capability: osgi.extender; filter:="(&(osgi.extender=osgi.component)(version>=1.2)(!(version>=2.0)))"
         Unresolved requirement: Import-Package: org.eclipse.e4.ui.internal.workbench.renderers.swt
           -> Export-Package: org.eclipse.e4.ui.internal.workbench.renderers.swt; bundle-symbolic-name="org.eclipse.e4.ui.workbench.renderers.swt"; bundle-version="0.14.1.v20170117-1415"; version="0.0.0"; x-friends:="org.eclipse.ui.workbench"
              org.eclipse.e4.ui.workbench.renderers.swt [5]
                Unresolved requirement: Require-Bundle: org.eclipse.e4.ui.workbench.swt; bundle-version="0.9.0"
                  -> Bundle-SymbolicName: org.eclipse.e4.ui.workbench.swt; bundle-version="0.14.1.v20160829-0832"; singleton:="true"


!ENTRY org.eclipse.e4.ui.workbench.renderers.swt 2 0 2017-06-29 13:45:19.551
!MESSAGE Could not resolve module: org.eclipse.e4.ui.workbench.renderers.swt [5]
  Unresolved requirement: Require-Bundle: org.eclipse.e4.ui.workbench.swt; bundle-version="0.9.0"
    -> Bundle-SymbolicName: org.eclipse.e4.ui.workbench.swt; bundle-version="0.14.1.v20160829-0832"; singleton:="true"
       org.eclipse.e4.ui.workbench.swt [51]
         Unresolved requirement: Require-Bundle: org.eclipse.equinox.event; resolution:="optional"
         Unresolved requirement: Require-Capability: osgi.extender; filter:="(&(osgi.extender=osgi.component)(version>=1.2)(!(version>=2.0)))"


!ENTRY org.eclipse.ui.workbench 2 0 2017-06-29 13:45:19.555
!MESSAGE Could not resolve module: org.eclipse.ui.workbench [40]
  Unresolved requirement: Import-Package: org.eclipse.e4.ui.internal.workbench.swt
    -> Export-Package: org.eclipse.e4.ui.internal.workbench.swt; bundle-symbolic-name="org.eclipse.e4.ui.workbench.swt"; bundle-version="0.14.1.v20160829-0832"; version="0.0.0"; x-friends:="org.eclipse.e4.ui.workbench.addons.swt,org.eclipse.e4.ui.workbench.renderers.swt,org.eclipse.ui.workbench"
       org.eclipse.e4.ui.workbench.swt [51]
         Unresolved requirement: Require-Bundle: org.eclipse.equinox.event; resolution:="optional"
         Unresolved requirement: Require-Capability: osgi.extender; filter:="(&(osgi.extender=osgi.component)(version>=1.2)(!(version>=2.0)))"
  Unresolved requirement: Import-Package: org.eclipse.e4.ui.internal.workbench.renderers.swt
    -> Export-Package: org.eclipse.e4.ui.internal.workbench.renderers.swt; bundle-symbolic-name="org.eclipse.e4.ui.workbench.renderers.swt"; bundle-version="0.14.1.v20170117-1415"; version="0.0.0"; x-friends:="org.eclipse.ui.workbench"
       org.eclipse.e4.ui.workbench.renderers.swt [5]
         Unresolved requirement: Require-Bundle: org.eclipse.e4.ui.workbench.swt; bundle-version="0.9.0"
           -> Bundle-SymbolicName: org.eclipse.e4.ui.workbench.swt; bundle-version="0.14.1.v20160829-0832"; singleton:="true"


!ENTRY org.eclipse.nebula.examples 2 0 2017-06-29 13:45:19.558
!MESSAGE Could not resolve module: org.eclipse.nebula.examples [30]
  Unresolved requirement: Require-Bundle: org.eclipse.ui
    -> Bundle-SymbolicName: org.eclipse.ui; bundle-version="3.108.1.v20160929-1045"; singleton:="true"
       org.eclipse.ui [39]
         Unresolved requirement: Require-Bundle: org.eclipse.ui.workbench; bundle-version="[3.105.0,4.0.0)"; visibility:="reexport"
           -> Bundle-SymbolicName: org.eclipse.ui.workbench; bundle-version="3.108.3.v20170216-1539"; singleton:="true"
              org.eclipse.ui.workbench [40]
                Unresolved requirement: Import-Package: org.eclipse.e4.ui.internal.workbench.swt
                  -> Export-Package: org.eclipse.e4.ui.internal.workbench.swt; bundle-symbolic-name="org.eclipse.e4.ui.workbench.swt"; bundle-version="0.14.1.v20160829-0832"; version="0.0.0"; x-friends:="org.eclipse.e4.ui.workbench.addons.swt,org.eclipse.e4.ui.workbench.renderers.swt,org.eclipse.ui.workbench"
                     org.eclipse.e4.ui.workbench.swt [51]
                       Unresolved requirement: Require-Bundle: org.eclipse.equinox.event; resolution:="optional"
                       Unresolved requirement: Require-Capability: osgi.extender; filter:="(&(osgi.extender=osgi.component)(version>=1.2)(!(version>=2.0)))"
                Unresolved requirement: Import-Package: org.eclipse.e4.ui.internal.workbench.renderers.swt
                  -> Export-Package: org.eclipse.e4.ui.internal.workbench.renderers.swt; bundle-symbolic-name="org.eclipse.e4.ui.workbench.renderers.swt"; bundle-version="0.14.1.v20170117-1415"; version="0.0.0"; x-friends:="org.eclipse.ui.workbench"
                     org.eclipse.e4.ui.workbench.renderers.swt [5]
                       Unresolved requirement: Require-Bundle: org.eclipse.e4.ui.workbench.swt; bundle-version="0.9.0"
                         -> Bundle-SymbolicName: org.eclipse.e4.ui.workbench.swt; bundle-version="0.14.1.v20160829-0832"; singleton:="true"


!ENTRY org.eclipse.nebula.widgets.oscilloscope.example 2 0 2017-06-29 13:45:19.562
!MESSAGE Could not resolve module: org.eclipse.nebula.widgets.oscilloscope.example [59]
  Unresolved requirement: Require-Bundle: org.eclipse.nebula.examples; bundle-version="1.0.4"
    -> Bundle-SymbolicName: org.eclipse.nebula.examples; bundle-version="1.0.4.201706221838"; singleton:="true"
       org.eclipse.nebula.examples [30]
         Unresolved requirement: Require-Bundle: org.eclipse.ui
           -> Bundle-SymbolicName: org.eclipse.ui; bundle-version="3.108.1.v20160929-1045"; singleton:="true"
              org.eclipse.ui [39]
                Unresolved requirement: Require-Bundle: org.eclipse.ui.workbench; bundle-version="[3.105.0,4.0.0)"; visibility:="reexport"
                  -> Bundle-SymbolicName: org.eclipse.ui.workbench; bundle-version="3.108.3.v20170216-1539"; singleton:="true"
                     org.eclipse.ui.workbench [40]
                       Unresolved requirement: Import-Package: org.eclipse.e4.ui.internal.workbench.swt
                         -> Export-Package: org.eclipse.e4.ui.internal.workbench.swt; bundle-symbolic-name="org.eclipse.e4.ui.workbench.swt"; bundle-version="0.14.1.v20160829-0832"; version="0.0.0"; x-friends:="org.eclipse.e4.ui.workbench.addons.swt,org.eclipse.e4.ui.workbench.renderers.swt,org.eclipse.ui.workbench"
                            org.eclipse.e4.ui.workbench.swt [51]
                              Unresolved requirement: Require-Bundle: org.eclipse.equinox.event; resolution:="optional"
                              Unresolved requirement: Require-Capability: osgi.extender; filter:="(&(osgi.extender=osgi.component)(version>=1.2)(!(version>=2.0)))"
                       Unresolved requirement: Import-Package: org.eclipse.e4.ui.internal.workbench.renderers.swt
                         -> Export-Package: org.eclipse.e4.ui.internal.workbench.renderers.swt; bundle-symbolic-name="org.eclipse.e4.ui.workbench.renderers.swt"; bundle-version="0.14.1.v20170117-1415"; version="0.0.0"; x-friends:="org.eclipse.ui.workbench"
                            org.eclipse.e4.ui.workbench.renderers.swt [5]
                              Unresolved requirement: Require-Bundle: org.eclipse.e4.ui.workbench.swt; bundle-version="0.9.0"
                                -> Bundle-SymbolicName: org.eclipse.e4.ui.workbench.swt; bundle-version="0.14.1.v20160829-0832"; singleton:="true"
  Unresolved requirement: Require-Bundle: org.eclipse.ui
    -> Bundle-SymbolicName: org.eclipse.ui; bundle-version="3.108.1.v20160929-1045"; singleton:="true"


!ENTRY org.eclipse.osgi 4 0 2017-06-29 13:45:19.565
!MESSAGE Application error
!STACK 1
java.lang.RuntimeException: No application id has been found.
	at org.eclipse.equinox.internal.app.EclipseAppContainer.startDefaultApp(EclipseAppContainer.java:242)
	at org.eclipse.equinox.internal.app.MainApplicationLauncher.run(MainApplicationLauncher.java:29)
	at org.eclipse.core.runtime.internal.adaptor.EclipseAppLauncher.runApplication(EclipseAppLauncher.java:134)
	at org.eclipse.core.runtime.internal.adaptor.EclipseAppLauncher.start(EclipseAppLauncher.java:104)
	at org.eclipse.core.runtime.adaptor.EclipseStarter.run(EclipseStarter.java:388)
	at org.eclipse.core.runtime.adaptor.EclipseStarter.run(EclipseStarter.java:243)
	at sun.reflect.NativeMethodAccessorImpl.invoke0(Native Method)
	at sun.reflect.NativeMethodAccessorImpl.invoke(Unknown Source)
	at sun.reflect.DelegatingMethodAccessorImpl.invoke(Unknown Source)
	at java.lang.reflect.Method.invoke(Unknown Source)
	at org.eclipse.equinox.launcher.Main.invokeFramework(Main.java:673)
	at org.eclipse.equinox.launcher.Main.basicRun(Main.java:610)
	at org.eclipse.equinox.launcher.Main.run(Main.java:1519)
	at org.eclipse.equinox.launcher.Main.main(Main.java:1492)
